--
-- player1(mattshamrock) score
6417
-- player2(isshy-you) score
6005
-- 20220323
-- player1(usamin24) score
10286
-- player2(mattshamrock) score
6543
-- 202203231903
-- player1(isshy-you) score
522050
-- player2(usamin24) score
83881
-- 202203232003
-- player1(yuin0) score
13280
-- player2(mattshamrock) score
16673
-- 202203232003
-- player1(yuin0) score
18415
-- player2(mattshamrock) score
18673
-- 202203232003
-- player1(yuin0) score
17783
-- player2(mattshamrock) score
17945
-- 202203232003
-- player1(yuin0) score
17947
-- player2(mattshamrock) score
17445
-- 202203232003
-- player1(yuin0) score
17882
-- player2(mattshamrock) score
20831
-- 202203232003
-- player1(yuin0) score
16224
-- player2(mattshamrock) score
21027
-- 202203232003
-- player1(yuin0) score
20439
-- player2(mattshamrock) score
19184
-- 202203232103
-- player1(4321623) score
7474
-- player2(usamin24) score
13321
-- 202203232103
-- player1(bushio) score
11846
-- player2(neteru141) score
13024
-- 202203232103
-- player1(bushio) score
12767
-- player2(neteru141) score
10219
-- 202203232103
-- player1(EndoNrak) score
5047
-- player2(neteru141) score
14718
-- 202203232103
-- player1(isshy-you) score
6697
-- player2(yuin0) score
11333
-- 202203232103
-- player1(bushio) score
10264
-- player2(mattshamrock) score
5298
-- 202203232203
-- player1(bushio) score
1231346
-- player2(isshy-you) score
455212
-- 202203232203
-- player1(isshy-you) score
14072
-- player2(4321623) score
8106
-- 202203232203
-- player1(seigot) score
15448
-- player2(isshy-you) score
9813
-- 202203232203
-- player1(seigot) score
-2009
-- player2(isshy-you) score
10899
-- 202203251803
-- player1(seigot) score
-1502
-- player2(isshy-you) score
13020
-- 202203251903
-- player1(isshy-you) score
10966
-- player2(4321623) score
7297
-- 202203251903
-- player1(usamin24) score
16323
-- player2(mattshamrock) score
13401
-- 202203251903
-- player1(yuin0) score
18272
-- player2(isshy-you) score
12457
-- 202203251903
-- player1(isshy-you) score
9795
-- player2(mattshamrock) score
9451
-- 202203251903
-- player1(yuin0) score
18656
-- player2(usamin24) score
19144
-- 202203251903
-- player1(EndoNrak) score
4752
-- player2(neteru141) score
12914
-- 202203251903
-- player1(bushio) score
12332
-- player2(neteru141) score
11059
-- 202203251903
-- player1(usamin24) score
9123
-- player2(mattshamrock) score
9246
-- 202203252003
-- player1(isshy-you) score
7389
-- player2(yuin0) score
11734
-- 202203252003
-- player1(bushio) score
10572
-- player2(mattshamrock) score
9039
-- 202203252003
-- player1(mattshamrock) score
8596
-- player2(isshy-you) score
9074
-- 202203252003
-- player1(bushio) score
7814
-- player2(yuin0) score
12060
-- 202203252003
-- player1(isshy-you) score
510432
-- player2(usamin24) score
77434
-- 202203252003
-- player1(bushio) score
1104487
-- player2(isshy-you) score
425942
